This is pdfTeX, Version 3.14159265-2.6-1.40.20 (TeX Live 2019/W32TeX) (preloaded format=pdflatex 2020.3.9)  27 JUL 2020 08:16
entering extended mode
 restricted \write18 enabled.
 %&-line parsing enabled.
**paper.tex
(./paper.tex
LaTeX2e <2018-12-01>
(c:/texlive/2019/texmf-dist/tex/latex/IEEEtran/IEEEtran.cls
Document Class: IEEEtran 2015/08/26 V1.8b by Michael Shell
-- See the "IEEEtran_HOWTO" manual for usage information.
-- http://www.michaelshell.org/tex/ieeetran/
\@IEEEtrantmpdimenA=\dimen102
\@IEEEtrantmpdimenB=\dimen103
\@IEEEtrantmpdimenC=\dimen104
\@IEEEtrantmpcountA=\count80
\@IEEEtrantmpcountB=\count81
\@IEEEtrantmpcountC=\count82
\@IEEEtrantmptoksA=\toks14
LaTeX Font Info:    Try loading font information for OT1+ptm on input line 503.

(c:/texlive/2019/texmf-dist/tex/latex/psnfss/ot1ptm.fd
File: ot1ptm.fd 2001/06/04 font definitions for OT1/ptm.
)
-- Using 8.5in x 11in (letter) paper.
-- Using PDF output.
\@IEEEnormalsizeunitybaselineskip=\dimen105
-- This is a 10 point document.
\CLASSINFOnormalsizebaselineskip=\dimen106
\CLASSINFOnormalsizeunitybaselineskip=\dimen107
\IEEEnormaljot=\dimen108
LaTeX Font Info:    Font shape `OT1/ptm/bx/n' in size <5> not available
(Font)              Font shape `OT1/ptm/b/n' tried instead on input line 1090.
LaTeX Font Info:    Font shape `OT1/ptm/bx/it' in size <5> not available
(Font)              Font shape `OT1/ptm/b/it' tried instead on input line 1090.

LaTeX Font Info:    Font shape `OT1/ptm/bx/n' in size <7> not available
(Font)              Font shape `OT1/ptm/b/n' tried instead on input line 1090.
LaTeX Font Info:    Font shape `OT1/ptm/bx/it' in size <7> not available
(Font)              Font shape `OT1/ptm/b/it' tried instead on input line 1090.

LaTeX Font Info:    Font shape `OT1/ptm/bx/n' in size <8> not available
(Font)              Font shape `OT1/ptm/b/n' tried instead on input line 1090.
LaTeX Font Info:    Font shape `OT1/ptm/bx/it' in size <8> not available
(Font)              Font shape `OT1/ptm/b/it' tried instead on input line 1090.

LaTeX Font Info:    Font shape `OT1/ptm/bx/n' in size <9> not available
(Font)              Font shape `OT1/ptm/b/n' tried instead on input line 1090.
LaTeX Font Info:    Font shape `OT1/ptm/bx/it' in size <9> not available
(Font)              Font shape `OT1/ptm/b/it' tried instead on input line 1090.

LaTeX Font Info:    Font shape `OT1/ptm/bx/n' in size <10> not available
(Font)              Font shape `OT1/ptm/b/n' tried instead on input line 1090.
LaTeX Font Info:    Font shape `OT1/ptm/bx/it' in size <10> not available
(Font)              Font shape `OT1/ptm/b/it' tried instead on input line 1090.

LaTeX Font Info:    Font shape `OT1/ptm/bx/n' in size <11> not available
(Font)              Font shape `OT1/ptm/b/n' tried instead on input line 1090.
LaTeX Font Info:    Font shape `OT1/ptm/bx/it' in size <11> not available
(Font)              Font shape `OT1/ptm/b/it' tried instead on input line 1090.

LaTeX Font Info:    Font shape `OT1/ptm/bx/n' in size <12> not available
(Font)              Font shape `OT1/ptm/b/n' tried instead on input line 1090.
LaTeX Font Info:    Font shape `OT1/ptm/bx/it' in size <12> not available
(Font)              Font shape `OT1/ptm/b/it' tried instead on input line 1090.

LaTeX Font Info:    Font shape `OT1/ptm/bx/n' in size <17> not available
(Font)              Font shape `OT1/ptm/b/n' tried instead on input line 1090.
LaTeX Font Info:    Font shape `OT1/ptm/bx/it' in size <17> not available
(Font)              Font shape `OT1/ptm/b/it' tried instead on input line 1090.

LaTeX Font Info:    Font shape `OT1/ptm/bx/n' in size <20> not available
(Font)              Font shape `OT1/ptm/b/n' tried instead on input line 1090.
LaTeX Font Info:    Font shape `OT1/ptm/bx/it' in size <20> not available
(Font)              Font shape `OT1/ptm/b/it' tried instead on input line 1090.

LaTeX Font Info:    Font shape `OT1/ptm/bx/n' in size <24> not available
(Font)              Font shape `OT1/ptm/b/n' tried instead on input line 1090.
LaTeX Font Info:    Font shape `OT1/ptm/bx/it' in size <24> not available
(Font)              Font shape `OT1/ptm/b/it' tried instead on input line 1090.

\IEEEquantizedlength=\dimen109
\IEEEquantizedlengthdiff=\dimen110
\IEEEquantizedtextheightdiff=\dimen111
\IEEEilabelindentA=\dimen112
\IEEEilabelindentB=\dimen113
\IEEEilabelindent=\dimen114
\IEEEelabelindent=\dimen115
\IEEEdlabelindent=\dimen116
\IEEElabelindent=\dimen117
\IEEEiednormlabelsep=\dimen118
\IEEEiedmathlabelsep=\dimen119
\IEEEiedtopsep=\skip41
\c@section=\count83
\c@subsection=\count84
\c@subsubsection=\count85
\c@paragraph=\count86
\c@IEEEsubequation=\count87
\abovecaptionskip=\skip42
\belowcaptionskip=\skip43
\c@figure=\count88
\c@table=\count89
\@IEEEeqnnumcols=\count90
\@IEEEeqncolcnt=\count91
\@IEEEsubeqnnumrollback=\count92
\@IEEEquantizeheightA=\dimen120
\@IEEEquantizeheightB=\dimen121
\@IEEEquantizeheightC=\dimen122
\@IEEEquantizeprevdepth=\dimen123
\@IEEEquantizemultiple=\count93
\@IEEEquantizeboxA=\box27
\@IEEEtmpitemindent=\dimen124
\IEEEPARstartletwidth=\dimen125
\c@IEEEbiography=\count94
\@IEEEtranrubishbin=\box28
) (c:/texlive/2019/texmf-dist/tex/latex/base/inputenc.sty
Package: inputenc 2018/08/11 v1.3c Input encoding file
\inpenc@prehook=\toks15
\inpenc@posthook=\toks16
)
** ATTENTION: Overriding command lockouts (line 3).
(c:/texlive/2019/texmf-dist/tex/latex/cite/cite.sty
LaTeX Info: Redefining \cite on input line 302.
LaTeX Info: Redefining \nocite on input line 332.
Package: cite 2015/02/27  v 5.5
)
(c:/texlive/2019/texmf-dist/tex/latex/amsmath/amsmath.sty
Package: amsmath 2018/12/01 v2.17b AMS math features
\@mathmargin=\skip44

For additional information on amsmath, use the `?' option.
(c:/texlive/2019/texmf-dist/tex/latex/amsmath/amstext.sty
Package: amstext 2000/06/29 v2.01 AMS text

(c:/texlive/2019/texmf-dist/tex/latex/amsmath/amsgen.sty
File: amsgen.sty 1999/11/30 v2.0 generic functions
\@emptytoks=\toks17
\ex@=\dimen126
))
(c:/texlive/2019/texmf-dist/tex/latex/amsmath/amsbsy.sty
Package: amsbsy 1999/11/29 v1.2d Bold Symbols
\pmbraise@=\dimen127
)
(c:/texlive/2019/texmf-dist/tex/latex/amsmath/amsopn.sty
Package: amsopn 2016/03/08 v2.02 operator names
)
\inf@bad=\count95
LaTeX Info: Redefining \frac on input line 223.
\uproot@=\count96
\leftroot@=\count97
LaTeX Info: Redefining \overline on input line 385.
\classnum@=\count98
\DOTSCASE@=\count99
LaTeX Info: Redefining \ldots on input line 482.
LaTeX Info: Redefining \dots on input line 485.
LaTeX Info: Redefining \cdots on input line 606.
\Mathstrutbox@=\box29
\strutbox@=\box30
\big@size=\dimen128
LaTeX Font Info:    Redeclaring font encoding OML on input line 729.
LaTeX Font Info:    Redeclaring font encoding OMS on input line 730.
\macc@depth=\count100
\c@MaxMatrixCols=\count101
\dotsspace@=\muskip10
\c@parentequation=\count102
\dspbrk@lvl=\count103
\tag@help=\toks18
\row@=\count104
\column@=\count105
\maxfields@=\count106
\andhelp@=\toks19
\eqnshift@=\dimen129
\alignsep@=\dimen130
\tagshift@=\dimen131
\tagwidth@=\dimen132
\totwidth@=\dimen133
\lineht@=\dimen134
\@envbody=\toks20
\multlinegap=\skip45
\multlinetaggap=\skip46
\mathdisplay@stack=\toks21
LaTeX Info: Redefining \[ on input line 2844.
LaTeX Info: Redefining \] on input line 2845.
)
(c:/texlive/2019/texmf-dist/tex/latex/amsfonts/amssymb.sty
Package: amssymb 2013/01/14 v3.01 AMS font symbols

(c:/texlive/2019/texmf-dist/tex/latex/amsfonts/amsfonts.sty
Package: amsfonts 2013/01/14 v3.01 Basic AMSFonts support
\symAMSa=\mathgroup4
\symAMSb=\mathgroup5
LaTeX Font Info:    Overwriting math alphabet `\mathfrak' in version `bold'
(Font)                  U/euf/m/n --> U/euf/b/n on input line 106.
))
(c:/texlive/2019/texmf-dist/tex/latex/graphics/graphicx.sty
Package: graphicx 2017/06/01 v1.1a Enhanced LaTeX Graphics (DPC,SPQR)

(c:/texlive/2019/texmf-dist/tex/latex/graphics/keyval.sty
Package: keyval 2014/10/28 v1.15 key=value parser (DPC)
\KV@toks@=\toks22
)
(c:/texlive/2019/texmf-dist/tex/latex/graphics/graphics.sty
Package: graphics 2017/06/25 v1.2c Standard LaTeX Graphics (DPC,SPQR)

(c:/texlive/2019/texmf-dist/tex/latex/graphics/trig.sty
Package: trig 2016/01/03 v1.10 sin cos tan (DPC)
)
(c:/texlive/2019/texmf-dist/tex/latex/graphics-cfg/graphics.cfg
File: graphics.cfg 2016/06/04 v1.11 sample graphics configuration
)
Package graphics Info: Driver file: pdftex.def on input line 99.

(c:/texlive/2019/texmf-dist/tex/latex/graphics-def/pdftex.def
File: pdftex.def 2018/01/08 v1.0l Graphics/color driver for pdftex
))
\Gin@req@height=\dimen135
\Gin@req@width=\dimen136
)
(c:/texlive/2019/texmf-dist/tex/latex/caption/caption.sty
Package: caption 2018/10/06 v3.3-154 Customizing captions (AR)

(c:/texlive/2019/texmf-dist/tex/latex/caption/caption3.sty
Package: caption3 2018/09/12 v1.8c caption3 kernel (AR)
Package caption3 Info: TeX engine: e-TeX on input line 64.
\captionmargin=\dimen137
\captionmargin@=\dimen138
\captionwidth=\dimen139
\caption@tempdima=\dimen140
\caption@indent=\dimen141
\caption@parindent=\dimen142
\caption@hangindent=\dimen143
Package caption Info: Unknown document class (or package),
(caption)             standard defaults will be used.
)

Package caption Warning: Unsupported document class (or package) detected,
(caption)                usage of the caption package is not recommended.
See the caption package documentation for explanation.

Package caption Info: \@makecaption = \long macro:#1#2->\ifx \@captype \@IEEEta
blestring \footnotesize \bgroup \par \centering \@IEEEtabletopskipstrut {\norma
lfont \footnotesize #1}\\{\normalfont \footnotesize \scshape #2}\par \addvspace
 {0.5\baselineskip }\egroup \@IEEEtablecaptionsepspace \else \@IEEEfigurecaptio
nsepspace \setbox \@tempboxa \hbox {\normalfont \footnotesize {#1.}\nobreakspac
e \nobreakspace #2}\ifdim \wd \@tempboxa >\hsize \setbox \@tempboxa \hbox {\nor
malfont \footnotesize {#1.}\nobreakspace \nobreakspace }\parbox [t]{\hsize }{\n
ormalfont \footnotesize \noindent \unhbox \@tempboxa #2}\else \ifCLASSOPTIONcon
ference \hbox to\hsize {\normalfont \footnotesize \hfil \box \@tempboxa \hfil }
\else \hbox to\hsize {\normalfont \footnotesize \box \@tempboxa \hfil }\fi \fi 
\fi .
\c@caption@flags=\count107
\c@ContinuedFloat=\count108
) (c:/texlive/2019/texmf-dist/tex/latex/caption/subcaption.sty
Package: subcaption 2018/05/01 v1.1-162 Sub-captions (AR)
\c@subfigure=\count109
\c@subtable=\count110
)
(c:/texlive/2019/texmf-dist/tex/latex/float/float.sty
Package: float 2001/11/08 v1.3d Float enhancements (AL)
\c@float@type=\count111
\float@exts=\toks23
\float@box=\box31
\@float@everytoks=\toks24
\@floatcapt=\box32
)
(c:/texlive/2019/texmf-dist/tex/latex/listings/listings.sty
\lst@mode=\count112
\lst@gtempboxa=\box33
\lst@token=\toks25
\lst@length=\count113
\lst@currlwidth=\dimen144
\lst@column=\count114
\lst@pos=\count115
\lst@lostspace=\dimen145
\lst@width=\dimen146
\lst@newlines=\count116
\lst@lineno=\count117
\lst@maxwidth=\dimen147

(c:/texlive/2019/texmf-dist/tex/latex/listings/lstmisc.sty
File: lstmisc.sty 2019/02/27 1.8b (Carsten Heinz)
\c@lstnumber=\count118
\lst@skipnumbers=\count119
\lst@framebox=\box34
)
(c:/texlive/2019/texmf-dist/tex/latex/listings/listings.cfg
File: listings.cfg 2019/02/27 1.8b listings configuration
))
Package: listings 2019/02/27 1.8b (Carsten Heinz)

(c:/texlive/2019/texmf-dist/tex/latex/algorithms/algorithmic.sty
Package: algorithmic 2009/08/24 v0.1 Document Style `algorithmic'

(c:/texlive/2019/texmf-dist/tex/latex/base/ifthen.sty
Package: ifthen 2014/09/29 v1.1c Standard LaTeX ifthen package (DPC)
)
\c@ALC@unique=\count120
\c@ALC@line=\count121
\c@ALC@rem=\count122
\c@ALC@depth=\count123
\ALC@tlm=\skip47
\algorithmicindent=\skip48
)
(c:/texlive/2019/texmf-dist/tex/latex/base/textcomp.sty
Package: textcomp 2018/08/11 v2.0j Standard LaTeX package
Package textcomp Info: Sub-encoding information:
(textcomp)               5 = only ISO-Adobe without \textcurrency
(textcomp)               4 = 5 + \texteuro
(textcomp)               3 = 4 + \textohm
(textcomp)               2 = 3 + \textestimated + \textcurrency
(textcomp)               1 = TS1 - \textcircled - \t
(textcomp)               0 = TS1 (full)
(textcomp)             Font families with sub-encoding setting implement
(textcomp)             only a restricted character set as indicated.
(textcomp)             Family '?' is the default used for unknown fonts.
(textcomp)             See the documentation for details.
Package textcomp Info: Setting ? sub-encoding to TS1/1 on input line 79.

(c:/texlive/2019/texmf-dist/tex/latex/base/ts1enc.def
File: ts1enc.def 2001/06/05 v3.0e (jk/car/fm) Standard LaTeX file
Now handling font encoding TS1 ...
... processing UTF-8 mapping file for font encoding TS1

(c:/texlive/2019/texmf-dist/tex/latex/base/ts1enc.dfu
File: ts1enc.dfu 2018/10/05 v1.2f UTF-8 support for inputenc
   defining Unicode char U+00A2 (decimal 162)
   defining Unicode char U+00A3 (decimal 163)
   defining Unicode char U+00A4 (decimal 164)
   defining Unicode char U+00A5 (decimal 165)
   defining Unicode char U+00A6 (decimal 166)
   defining Unicode char U+00A7 (decimal 167)
   defining Unicode char U+00A8 (decimal 168)
   defining Unicode char U+00A9 (decimal 169)
   defining Unicode char U+00AA (decimal 170)
   defining Unicode char U+00AC (decimal 172)
   defining Unicode char U+00AE (decimal 174)
   defining Unicode char U+00AF (decimal 175)
   defining Unicode char U+00B0 (decimal 176)
   defining Unicode char U+00B1 (decimal 177)
   defining Unicode char U+00B2 (decimal 178)
   defining Unicode char U+00B3 (decimal 179)
   defining Unicode char U+00B4 (decimal 180)
   defining Unicode char U+00B5 (decimal 181)
   defining Unicode char U+00B6 (decimal 182)
   defining Unicode char U+00B7 (decimal 183)
   defining Unicode char U+00B9 (decimal 185)
   defining Unicode char U+00BA (decimal 186)
   defining Unicode char U+00BC (decimal 188)
   defining Unicode char U+00BD (decimal 189)
   defining Unicode char U+00BE (decimal 190)
   defining Unicode char U+00D7 (decimal 215)
   defining Unicode char U+00F7 (decimal 247)
   defining Unicode char U+0192 (decimal 402)
   defining Unicode char U+02C7 (decimal 711)
   defining Unicode char U+02D8 (decimal 728)
   defining Unicode char U+02DD (decimal 733)
   defining Unicode char U+0E3F (decimal 3647)
   defining Unicode char U+2016 (decimal 8214)
   defining Unicode char U+2020 (decimal 8224)
   defining Unicode char U+2021 (decimal 8225)
   defining Unicode char U+2022 (decimal 8226)
   defining Unicode char U+2030 (decimal 8240)
   defining Unicode char U+2031 (decimal 8241)
   defining Unicode char U+203B (decimal 8251)
   defining Unicode char U+203D (decimal 8253)
   defining Unicode char U+2044 (decimal 8260)
   defining Unicode char U+204E (decimal 8270)
   defining Unicode char U+2052 (decimal 8274)
   defining Unicode char U+20A1 (decimal 8353)
   defining Unicode char U+20A4 (decimal 8356)
   defining Unicode char U+20A6 (decimal 8358)
   defining Unicode char U+20A9 (decimal 8361)
   defining Unicode char U+20AB (decimal 8363)
   defining Unicode char U+20AC (decimal 8364)
   defining Unicode char U+20B1 (decimal 8369)
   defining Unicode char U+2103 (decimal 8451)
   defining Unicode char U+2116 (decimal 8470)
   defining Unicode char U+2117 (decimal 8471)
   defining Unicode char U+211E (decimal 8478)
   defining Unicode char U+2120 (decimal 8480)
   defining Unicode char U+2122 (decimal 8482)
   defining Unicode char U+2126 (decimal 8486)
   defining Unicode char U+2127 (decimal 8487)
   defining Unicode char U+212E (decimal 8494)
   defining Unicode char U+2190 (decimal 8592)
   defining Unicode char U+2191 (decimal 8593)
   defining Unicode char U+2192 (decimal 8594)
   defining Unicode char U+2193 (decimal 8595)
   defining Unicode char U+2329 (decimal 9001)
   defining Unicode char U+232A (decimal 9002)
   defining Unicode char U+2422 (decimal 9250)
   defining Unicode char U+25E6 (decimal 9702)
   defining Unicode char U+25EF (decimal 9711)
   defining Unicode char U+266A (decimal 9834)
   defining Unicode char U+FEFF (decimal 65279)
))
LaTeX Info: Redefining \oldstylenums on input line 334.
Package textcomp Info: Setting cmr sub-encoding to TS1/0 on input line 349.
Package textcomp Info: Setting cmss sub-encoding to TS1/0 on input line 350.
Package textcomp Info: Setting cmtt sub-encoding to TS1/0 on input line 351.
Package textcomp Info: Setting cmvtt sub-encoding to TS1/0 on input line 352.
Package textcomp Info: Setting cmbr sub-encoding to TS1/0 on input line 353.
Package textcomp Info: Setting cmtl sub-encoding to TS1/0 on input line 354.
Package textcomp Info: Setting ccr sub-encoding to TS1/0 on input line 355.
Package textcomp Info: Setting ptm sub-encoding to TS1/4 on input line 356.
Package textcomp Info: Setting pcr sub-encoding to TS1/4 on input line 357.
Package textcomp Info: Setting phv sub-encoding to TS1/4 on input line 358.
Package textcomp Info: Setting ppl sub-encoding to TS1/3 on input line 359.
Package textcomp Info: Setting pag sub-encoding to TS1/4 on input line 360.
Package textcomp Info: Setting pbk sub-encoding to TS1/4 on input line 361.
Package textcomp Info: Setting pnc sub-encoding to TS1/4 on input line 362.
Package textcomp Info: Setting pzc sub-encoding to TS1/4 on input line 363.
Package textcomp Info: Setting bch sub-encoding to TS1/4 on input line 364.
Package textcomp Info: Setting put sub-encoding to TS1/5 on input line 365.
Package textcomp Info: Setting uag sub-encoding to TS1/5 on input line 366.
Package textcomp Info: Setting ugq sub-encoding to TS1/5 on input line 367.
Package textcomp Info: Setting ul8 sub-encoding to TS1/4 on input line 368.
Package textcomp Info: Setting ul9 sub-encoding to TS1/4 on input line 369.
Package textcomp Info: Setting augie sub-encoding to TS1/5 on input line 370.
Package textcomp Info: Setting dayrom sub-encoding to TS1/3 on input line 371.
Package textcomp Info: Setting dayroms sub-encoding to TS1/3 on input line 372.

Package textcomp Info: Setting pxr sub-encoding to TS1/0 on input line 373.
Package textcomp Info: Setting pxss sub-encoding to TS1/0 on input line 374.
Package textcomp Info: Setting pxtt sub-encoding to TS1/0 on input line 375.
Package textcomp Info: Setting txr sub-encoding to TS1/0 on input line 376.
Package textcomp Info: Setting txss sub-encoding to TS1/0 on input line 377.
Package textcomp Info: Setting txtt sub-encoding to TS1/0 on input line 378.
Package textcomp Info: Setting lmr sub-encoding to TS1/0 on input line 379.
Package textcomp Info: Setting lmdh sub-encoding to TS1/0 on input line 380.
Package textcomp Info: Setting lmss sub-encoding to TS1/0 on input line 381.
Package textcomp Info: Setting lmssq sub-encoding to TS1/0 on input line 382.
Package textcomp Info: Setting lmvtt sub-encoding to TS1/0 on input line 383.
Package textcomp Info: Setting lmtt sub-encoding to TS1/0 on input line 384.
Package textcomp Info: Setting qhv sub-encoding to TS1/0 on input line 385.
Package textcomp Info: Setting qag sub-encoding to TS1/0 on input line 386.
Package textcomp Info: Setting qbk sub-encoding to TS1/0 on input line 387.
Package textcomp Info: Setting qcr sub-encoding to TS1/0 on input line 388.
Package textcomp Info: Setting qcs sub-encoding to TS1/0 on input line 389.
Package textcomp Info: Setting qpl sub-encoding to TS1/0 on input line 390.
Package textcomp Info: Setting qtm sub-encoding to TS1/0 on input line 391.
Package textcomp Info: Setting qzc sub-encoding to TS1/0 on input line 392.
Package textcomp Info: Setting qhvc sub-encoding to TS1/0 on input line 393.
Package textcomp Info: Setting futs sub-encoding to TS1/4 on input line 394.
Package textcomp Info: Setting futx sub-encoding to TS1/4 on input line 395.
Package textcomp Info: Setting futj sub-encoding to TS1/4 on input line 396.
Package textcomp Info: Setting hlh sub-encoding to TS1/3 on input line 397.
Package textcomp Info: Setting hls sub-encoding to TS1/3 on input line 398.
Package textcomp Info: Setting hlst sub-encoding to TS1/3 on input line 399.
Package textcomp Info: Setting hlct sub-encoding to TS1/5 on input line 400.
Package textcomp Info: Setting hlx sub-encoding to TS1/5 on input line 401.
Package textcomp Info: Setting hlce sub-encoding to TS1/5 on input line 402.
Package textcomp Info: Setting hlcn sub-encoding to TS1/5 on input line 403.
Package textcomp Info: Setting hlcw sub-encoding to TS1/5 on input line 404.
Package textcomp Info: Setting hlcf sub-encoding to TS1/5 on input line 405.
Package textcomp Info: Setting pplx sub-encoding to TS1/3 on input line 406.
Package textcomp Info: Setting pplj sub-encoding to TS1/3 on input line 407.
Package textcomp Info: Setting ptmx sub-encoding to TS1/4 on input line 408.
Package textcomp Info: Setting ptmj sub-encoding to TS1/4 on input line 409.
)
(c:/texlive/2019/texmf-dist/tex/latex/xcolor/xcolor.sty
Package: xcolor 2016/05/11 v2.12 LaTeX color extensions (UK)

(c:/texlive/2019/texmf-dist/tex/latex/graphics-cfg/color.cfg
File: color.cfg 2016/01/02 v1.6 sample color configuration
)
Package xcolor Info: Driver file: pdftex.def on input line 225.
Package xcolor Info: Model `cmy' substituted by `cmy0' on input line 1348.
Package xcolor Info: Model `hsb' substituted by `rgb' on input line 1352.
Package xcolor Info: Model `RGB' extended on input line 1364.
Package xcolor Info: Model `HTML' substituted by `rgb' on input line 1366.
Package xcolor Info: Model `Hsb' substituted by `hsb' on input line 1367.
Package xcolor Info: Model `tHsb' substituted by `hsb' on input line 1368.
Package xcolor Info: Model `HSB' substituted by `hsb' on input line 1369.
Package xcolor Info: Model `Gray' substituted by `gray' on input line 1370.
Package xcolor Info: Model `wave' substituted by `hsb' on input line 1371.
)
(c:/texlive/2019/texmf-dist/tex/latex/booktabs/booktabs.sty
Package: booktabs 2016/04/27 v1.618033 publication quality tables
\heavyrulewidth=\dimen148
\lightrulewidth=\dimen149
\cmidrulewidth=\dimen150
\belowrulesep=\dimen151
\belowbottomsep=\dimen152
\aboverulesep=\dimen153
\abovetopsep=\dimen154
\cmidrulesep=\dimen155
\cmidrulekern=\dimen156
\defaultaddspace=\dimen157
\@cmidla=\count124
\@cmidlb=\count125
\@aboverulesep=\dimen158
\@belowrulesep=\dimen159
\@thisruleclass=\count126
\@lastruleclass=\count127
\@thisrulewidth=\dimen160
)
(c:/texlive/2019/texmf-dist/tex/latex/hyperref/hyperref.sty
Package: hyperref 2018/11/30 v6.88e Hypertext links for LaTeX

(c:/texlive/2019/texmf-dist/tex/generic/oberdiek/hobsub-hyperref.sty
Package: hobsub-hyperref 2016/05/16 v1.14 Bundle oberdiek, subset hyperref (HO)


(c:/texlive/2019/texmf-dist/tex/generic/oberdiek/hobsub-generic.sty
Package: hobsub-generic 2016/05/16 v1.14 Bundle oberdiek, subset generic (HO)
Package: hobsub 2016/05/16 v1.14 Construct package bundles (HO)
Package: infwarerr 2016/05/16 v1.4 Providing info/warning/error messages (HO)
Package: ltxcmds 2016/05/16 v1.23 LaTeX kernel commands for general use (HO)
Package: ifluatex 2016/05/16 v1.4 Provides the ifluatex switch (HO)
Package ifluatex Info: LuaTeX not detected.
Package: ifvtex 2016/05/16 v1.6 Detect VTeX and its facilities (HO)
Package ifvtex Info: VTeX not detected.
Package: intcalc 2016/05/16 v1.2 Expandable calculations with integers (HO)
Package: ifpdf 2018/09/07 v3.3 Provides the ifpdf switch
Package: etexcmds 2016/05/16 v1.6 Avoid name clashes with e-TeX commands (HO)
Package: kvsetkeys 2016/05/16 v1.17 Key value parser (HO)
Package: kvdefinekeys 2016/05/16 v1.4 Define keys (HO)
Package: pdftexcmds 2018/09/10 v0.29 Utility functions of pdfTeX for LuaTeX (HO
)
Package pdftexcmds Info: LuaTeX not detected.
Package pdftexcmds Info: \pdf@primitive is available.
Package pdftexcmds Info: \pdf@ifprimitive is available.
Package pdftexcmds Info: \pdfdraftmode found.
Package: pdfescape 2016/05/16 v1.14 Implements pdfTeX's escape features (HO)
Package: bigintcalc 2016/05/16 v1.4 Expandable calculations on big integers (HO
)
Package: bitset 2016/05/16 v1.2 Handle bit-vector datatype (HO)
Package: uniquecounter 2016/05/16 v1.3 Provide unlimited unique counter (HO)
)
Package hobsub Info: Skipping package `hobsub' (already loaded).
Package: letltxmacro 2016/05/16 v1.5 Let assignment for LaTeX macros (HO)
Package: hopatch 2016/05/16 v1.3 Wrapper for package hooks (HO)
Package: xcolor-patch 2016/05/16 xcolor patch
Package: atveryend 2016/05/16 v1.9 Hooks at the very end of document (HO)
Package atveryend Info: \enddocument detected (standard20110627).
Package: atbegshi 2016/06/09 v1.18 At begin shipout hook (HO)
Package: refcount 2016/05/16 v3.5 Data extraction from label references (HO)
Package: hycolor 2016/05/16 v1.8 Color options for hyperref/bookmark (HO)
)
(c:/texlive/2019/texmf-dist/tex/generic/ifxetex/ifxetex.sty
Package: ifxetex 2010/09/12 v0.6 Provides ifxetex conditional
)
(c:/texlive/2019/texmf-dist/tex/latex/oberdiek/auxhook.sty
Package: auxhook 2016/05/16 v1.4 Hooks for auxiliary files (HO)
)
(c:/texlive/2019/texmf-dist/tex/latex/oberdiek/kvoptions.sty
Package: kvoptions 2016/05/16 v3.12 Key value format for package options (HO)
)
\@linkdim=\dimen161
\Hy@linkcounter=\count128
\Hy@pagecounter=\count129

(c:/texlive/2019/texmf-dist/tex/latex/hyperref/pd1enc.def
File: pd1enc.def 2018/11/30 v6.88e Hyperref: PDFDocEncoding definition (HO)
Now handling font encoding PD1 ...
... no UTF-8 mapping file for font encoding PD1
)
\Hy@SavedSpaceFactor=\count130

(c:/texlive/2019/texmf-dist/tex/latex/latexconfig/hyperref.cfg
File: hyperref.cfg 2002/06/06 v1.2 hyperref configuration of TeXLive
)
Package hyperref Info: Hyper figures OFF on input line 4519.
Package hyperref Info: Link nesting OFF on input line 4524.
Package hyperref Info: Hyper index ON on input line 4527.
Package hyperref Info: Plain pages OFF on input line 4534.
Package hyperref Info: Backreferencing OFF on input line 4539.
Package hyperref Info: Implicit mode ON; LaTeX internals redefined.
Package hyperref Info: Bookmarks ON on input line 4772.
\c@Hy@tempcnt=\count131

(c:/texlive/2019/texmf-dist/tex/latex/url/url.sty
\Urlmuskip=\muskip11
Package: url 2013/09/16  ver 3.4  Verb mode for urls, etc.
)
LaTeX Info: Redefining \url on input line 5125.
\XeTeXLinkMargin=\dimen162
\Fld@menulength=\count132
\Field@Width=\dimen163
\Fld@charsize=\dimen164
Package hyperref Info: Hyper figures OFF on input line 6380.
Package hyperref Info: Link nesting OFF on input line 6385.
Package hyperref Info: Hyper index ON on input line 6388.
Package hyperref Info: backreferencing OFF on input line 6395.
Package hyperref Info: Link coloring OFF on input line 6400.
Package hyperref Info: Link coloring with OCG OFF on input line 6405.
Package hyperref Info: PDF/A mode OFF on input line 6410.
LaTeX Info: Redefining \ref on input line 6450.
LaTeX Info: Redefining \pageref on input line 6454.
\Hy@abspage=\count133
\c@Item=\count134
\c@Hfootnote=\count135
)
Package hyperref Info: Driver (autodetected): hpdftex.

(c:/texlive/2019/texmf-dist/tex/latex/hyperref/hpdftex.def
File: hpdftex.def 2018/11/30 v6.88e Hyperref driver for pdfTeX
\Fld@listcount=\count136
\c@bookmark@seq@number=\count137

(c:/texlive/2019/texmf-dist/tex/latex/oberdiek/rerunfilecheck.sty
Package: rerunfilecheck 2016/05/16 v1.8 Rerun checks for auxiliary files (HO)
Package uniquecounter Info: New unique counter `rerunfilecheck' on input line 2
82.
)
\Hy@SectionHShift=\skip49
)
(./paper.aux)
\openout1 = `paper.aux'.

LaTeX Font Info:    Checking defaults for OML/cmm/m/it on input line 22.
LaTeX Font Info:    ... okay on input line 22.
LaTeX Font Info:    Checking defaults for T1/cmr/m/n on input line 22.
LaTeX Font Info:    ... okay on input line 22.
LaTeX Font Info:    Checking defaults for OT1/cmr/m/n on input line 22.
LaTeX Font Info:    ... okay on input line 22.
LaTeX Font Info:    Checking defaults for OMS/cmsy/m/n on input line 22.
LaTeX Font Info:    ... okay on input line 22.
LaTeX Font Info:    Checking defaults for OMX/cmex/m/n on input line 22.
LaTeX Font Info:    ... okay on input line 22.
LaTeX Font Info:    Checking defaults for U/cmr/m/n on input line 22.
LaTeX Font Info:    ... okay on input line 22.
LaTeX Font Info:    Checking defaults for TS1/cmr/m/n on input line 22.
LaTeX Font Info:    Try loading font information for TS1+cmr on input line 22.
 (c:/texlive/2019/texmf-dist/tex/latex/base/ts1cmr.fd
File: ts1cmr.fd 2014/09/29 v2.5h Standard LaTeX font definitions
)
LaTeX Font Info:    ... okay on input line 22.
LaTeX Font Info:    Checking defaults for PD1/pdf/m/n on input line 22.
LaTeX Font Info:    ... okay on input line 22.

-- Lines per column: 56 (exact).
(c:/texlive/2019/texmf-dist/tex/context/base/mkii/supp-pdf.mkii
[Loading MPS to PDF converter (version 2006.09.02).]
\scratchcounter=\count138
\scratchdimen=\dimen165
\scratchbox=\box35
\nofMPsegments=\count139
\nofMParguments=\count140
\everyMPshowfont=\toks26
\MPscratchCnt=\count141
\MPscratchDim=\dimen166
\MPnumerator=\count142
\makeMPintoPDFobject=\count143
\everyMPtoPDFconversion=\toks27
) (c:/texlive/2019/texmf-dist/tex/latex/oberdiek/epstopdf-base.sty
Package: epstopdf-base 2016/05/15 v2.6 Base part for package epstopdf

(c:/texlive/2019/texmf-dist/tex/latex/oberdiek/grfext.sty
Package: grfext 2016/05/16 v1.2 Manage graphics extensions (HO)
)
Package epstopdf-base Info: Redefining graphics rule for `.eps' on input line 4
38.
Package grfext Info: Graphics extension search list:
(grfext)             [.pdf,.png,.jpg,.mps,.jpeg,.jbig2,.jb2,.PDF,.PNG,.JPG,.JPE
G,.JBIG2,.JB2,.eps]
(grfext)             \AppendGraphicsExtensions on input line 456.

(c:/texlive/2019/texmf-dist/tex/latex/latexconfig/epstopdf-sys.cfg
File: epstopdf-sys.cfg 2010/07/13 v1.3 Configuration of (r)epstopdf for TeX Liv
e
))
Package caption Info: Begin \AtBeginDocument code.
Package caption Info: float package is loaded.
Package caption Info: hyperref package is loaded.
Package caption Info: listings package is loaded.
Package caption Info: End \AtBeginDocument code.
\c@lstlisting=\count144
\AtBeginShipoutBox=\box36
Package hyperref Info: Link coloring OFF on input line 22.

(c:/texlive/2019/texmf-dist/tex/latex/hyperref/nameref.sty
Package: nameref 2016/05/21 v2.44 Cross-referencing by name of section

(c:/texlive/2019/texmf-dist/tex/generic/oberdiek/gettitlestring.sty
Package: gettitlestring 2016/05/16 v1.5 Cleanup title references (HO)
)
\c@section@level=\count145
)
LaTeX Info: Redefining \ref on input line 22.
LaTeX Info: Redefining \pageref on input line 22.
LaTeX Info: Redefining \nameref on input line 22.

(./paper.out) (./paper.out)
\@outlinefile=\write3
\openout3 = `paper.out'.

LaTeX Font Info:    Try loading font information for U+msa on input line 43.

(c:/texlive/2019/texmf-dist/tex/latex/amsfonts/umsa.fd
File: umsa.fd 2013/01/14 v3.01 AMS symbols A
)
LaTeX Font Info:    Try loading font information for U+msb on input line 43.

(c:/texlive/2019/texmf-dist/tex/latex/amsfonts/umsb.fd
File: umsb.fd 2013/01/14 v3.01 AMS symbols B
)
Underfull \vbox (badness 3601) has occurred while \output is active []



Package caption Warning: \captionsetup{type*=...} or \captionof
(caption)                outside box or environment on input line 59.
See the caption package documentation for explanation.


Package caption Warning: The option `hypcap=true' will be ignored for this
(caption)                particular \caption on input line 59.
See the caption package documentation for explanation.


Package caption Warning: The option `hypcap=true' will be ignored for this
(caption)                particular \caption on input line 95.
See the caption package documentation for explanation.


Underfull \vbox (badness 10000) has occurred while \output is active []

 [1{c:/texlive/2019/texmf-var/fonts/map/pdftex/updmap/pdftex.map}


]
Underfull \vbox (badness 10000) has occurred while \output is active []

<images/nn.png, id=124, 1004.75375pt x 528.97626pt>
File: images/nn.png Graphic file (type png)
<use images/nn.png>
Package pdftex.def Info: images/nn.png  used on input line 106.
(pdftex.def)             Requested size: 200.94719pt x 105.79337pt.
<images/ann.png, id=128, 543.02875pt x 512.91624pt>
File: images/ann.png Graphic file (type png)
<use images/ann.png>
Package pdftex.def Info: images/ann.png  used on input line 112.
(pdftex.def)             Requested size: 190.0629pt x 179.52338pt.
 [2 <./images/nn.png>]
Overfull \hbox (8.82343pt too wide) detected at line 144
[]\OML/cmm/m/it/10 J [] \OT1/cmr/m/n/10 = [] = []\OML/cmm/m/it/10 :
 []


Underfull \hbox (badness 3668) in paragraph at lines 146--147
[]\OT1/ptm/m/n/10 Assuming we are con-sid-er-ing the bi-nary clas-si-fi-ca-tion

 []


Underfull \hbox (badness 10000) in paragraph at lines 146--147
\OT1/ptm/m/n/10 prob-lem with $\OML/cmm/m/it/10 M \OT1/cmr/m/n/10 = 2$\OT1/ptm/
m/n/10 , our de-sired out-put is
 []


Underfull \hbox (badness 1755) in paragraph at lines 146--147
[] \OT1/cmr/m/n/10 = (0\OML/cmm/m/it/10 :\OT1/cmr/m/n/10 9\OML/cmm/m/it/10 ; \O
T1/cmr/m/n/10 0\OML/cmm/m/it/10 :\OT1/cmr/m/n/10 1)$\OT1/ptm/m/n/10 . The first
 time the model
 []


Underfull \hbox (badness 1688) in paragraph at lines 146--147
\OT1/ptm/m/n/10 now $\OML/cmm/m/it/10 J \OT1/cmr/m/n/10 = [] [] = 0\OML/cmm/m/i
t/10 :\OT1/cmr/m/n/10 09$\OT1/ptm/m/n/10 .
 []


Underfull \hbox (badness 10000) in paragraph at lines 146--147
\OT1/ptm/m/n/10 The sec-ond time the model pre-dicted to pro-duce
 []


Underfull \hbox (badness 10000) in paragraph at lines 146--147
\OT1/ptm/m/n/10 two out-puts is $\OT1/cmr/m/n/10 (\OML/cmm/m/it/10 y[]; y[]\OT1
/cmr/m/n/10 ) = (0\OML/cmm/m/it/10 :\OT1/cmr/m/n/10 85\OML/cmm/m/it/10 ; \OT1/c
mr/m/n/10 0\OML/cmm/m/it/10 :\OT1/cmr/m/n/10 15)$ \OT1/ptm/m/n/10 now
 []


Underfull \hbox (badness 2573) in paragraph at lines 146--147
\OML/cmm/m/it/10 J \OT1/cmr/m/n/10 = [] [] = 0\OML/cmm/m/it/10 :\OT1/cmr/m/n/10
 0025$\OT1/ptm/m/n/10 .
 []

<images/3dgradient_descent.png, id=147, 670.6656pt x 362.0727pt>
File: images/3dgradient_descent.png Graphic file (type png)
<use images/3dgradient_descent.png>
Package pdftex.def Info: images/3dgradient_descent.png  used on input line 153.

(pdftex.def)             Requested size: 268.26147pt x 144.8265pt.
[3 <./images/ann.png> <./images/3dgradient_descent.png>]
Underfull \hbox (badness 4634) in paragraph at lines 171--172
[]\OT1/ptm/m/n/10 With a multi-layer neu-ral net-work, the loss func-tion
 []


Underfull \vbox (badness 10000) has occurred while \output is active []

 [4]

LaTeX Warning: Reference `fig:CNN' on page 5 undefined on input line 324.

<images/cnn.jpeg, id=175, 571.13374pt x 202.7575pt>
File: images/cnn.jpeg Graphic file (type jpg)
<use images/cnn.jpeg>
Package pdftex.def Info: images/cnn.jpeg  used on input line 326.
(pdftex.def)             Requested size: 171.34145pt x 60.82771pt.
<images/image_convol_0.png, id=178, 1271.75125pt x 446.66875pt>
File: images/image_convol_0.png Graphic file (type png)
<use images/image_convol_0.png>
Package pdftex.def Info: images/image_convol_0.png  used on input line 334.
(pdftex.def)             Requested size: 254.34575pt x 89.33215pt.
<images/image_convol_1.png, id=179, 1551.54657pt x 333.49594pt>
File: images/image_convol_1.png Graphic file (type png)
<use images/image_convol_1.png>
Package pdftex.def Info: images/image_convol_1.png  used on input line 340.
(pdftex.def)             Requested size: 232.72194pt x 50.02223pt.
<images/kernel.png, id=181, 392.21532pt x 143.03438pt>
File: images/kernel.png Graphic file (type png)
<use images/kernel.png>
Package pdftex.def Info: images/kernel.png  used on input line 346.
(pdftex.def)             Requested size: 156.88335pt x 57.21272pt.
<images/kernel_calculation.png, id=183, 663.98062pt x 536.75531pt>
File: images/kernel_calculation.png Graphic file (type png)
<use images/kernel_calculation.png>
Package pdftex.def Info: images/kernel_calculation.png  used on input line 352.

(pdftex.def)             Requested size: 199.19571pt x 161.02783pt.
<images/convol_layer_in_out.png, id=184, 954.56625pt x 212.795pt>
File: images/convol_layer_in_out.png Graphic file (type png)
<use images/convol_layer_in_out.png>
Package pdftex.def Info: images/convol_layer_in_out.png  used on input line 358
.
(pdftex.def)             Requested size: 210.00522pt x 46.81503pt.
[5 <./images/cnn.jpeg> <./images/image_convol_0.png> <./images/image_convol_1.p
ng> <./images/kernel.png> <./images/kernel_calculation.png>]
<images/pooling.png, id=204, 574.39594pt x 207.77625pt>
File: images/pooling.png Graphic file (type png)
<use images/pooling.png>
Package pdftex.def Info: images/pooling.png  used on input line 385.
(pdftex.def)             Requested size: 172.3201pt x 62.33334pt.
<images/cnn_simplified.png, id=206, 1182.66844pt x 236.38312pt>
File: images/cnn_simplified.png Graphic file (type png)
<use images/cnn_simplified.png>
Package pdftex.def Info: images/cnn_simplified.png  used on input line 396.
(pdftex.def)             Requested size: 212.87114pt x 42.54712pt.
<images/grid_cell.png, id=209, 271.0125pt x 211.54031pt>
File: images/grid_cell.png Graphic file (type png)
<use images/grid_cell.png>
Package pdftex.def Info: images/grid_cell.png  used on input line 405.
(pdftex.def)             Requested size: 162.60875pt x 126.92516pt.
<images/iou.png, id=211, 303.38344pt x 242.40562pt>
File: images/iou.png Graphic file (type png)
<use images/iou.png>
Package pdftex.def Info: images/iou.png  used on input line 411.
(pdftex.def)             Requested size: 151.69135pt x 121.2025pt.
 [6 <./images/convol_layer_in_out.png> <./images/pooling.png> <./images/cnn_sim
plified.png> <./images/grid_cell.png> <./images/iou.png>]
<images/bounding_box_prediction.jpg, id=228, 321.45094pt x 229.60782pt>
File: images/bounding_box_prediction.jpg Graphic file (type jpg)
<use images/bounding_box_prediction.jpg>
Package pdftex.def Info: images/bounding_box_prediction.jpg  used on input line
 425.
(pdftex.def)             Requested size: 160.72507pt x 114.80362pt.

Overfull \hbox (10.94626pt too wide) detected at line 437
[]\OML/cmm/m/it/10 Pr [] \OMS/cmsy/m/n/10 ^^B \OML/cmm/m/it/10 Pr\OT1/cmr/m/n/1
0 (\OML/cmm/m/it/10 Object\OT1/cmr/m/n/10 ) \OMS/cmsy/m/n/10 ^^B \OML/cmm/m/it/
10 IOU \OT1/cmr/m/n/10 = \OML/cmm/m/it/10 Pr [] \OMS/cmsy/m/n/10 ^^B \OML/cmm/m
/it/10 IOU
 []


Underfull \vbox (badness 1005) has occurred while \output is active []

<images/yolov3_loss_function.jpg, id=230, 480.29437pt x 161.10187pt>
File: images/yolov3_loss_function.jpg Graphic file (type jpg)
<use images/yolov3_loss_function.jpg>
Package pdftex.def Info: images/yolov3_loss_function.jpg  used on input line 44
2.
(pdftex.def)             Requested size: 254.5548pt x 85.38358pt.
<images/yolov3_architecture.jpg, id=232, 328.97906pt x 437.38406pt>
File: images/yolov3_architecture.jpg Graphic file (type jpg)
<use images/yolov3_architecture.jpg>
Package pdftex.def Info: images/yolov3_architecture.jpg  used on input line 455
.
(pdftex.def)             Requested size: 230.28377pt x 306.16675pt.


Package caption Warning: The option `hypcap=true' will be ignored for this
(caption)                particular \caption on input line 476.
See the caption package documentation for explanation.

[7 <./images/bounding_box_prediction.JPG> <./images/yolov3_loss_function.JPG>]
<images/ppe.png, id=245, 728.7225pt x 334.24875pt>
File: images/ppe.png Graphic file (type png)
<use images/ppe.png>
Package pdftex.def Info: images/ppe.png  used on input line 483.
(pdftex.def)             Requested size: 218.61844pt x 100.27539pt.
<images/expected_output.png, id=247, 925.4575pt x 429.605pt>
File: images/expected_output.png Graphic file (type png)
<use images/expected_output.png>
Package pdftex.def Info: images/expected_output.png  used on input line 499.
(pdftex.def)             Requested size: 231.3638pt x 107.40099pt.
<images/yolo_annotation.png, id=252, 400.49625pt x 321.2pt>
File: images/yolo_annotation.png Graphic file (type png)
<use images/yolo_annotation.png>
Package pdftex.def Info: images/yolo_annotation.png  used on input line 512.
(pdftex.def)             Requested size: 240.29959pt x 192.72148pt.
<images/object_count.png, id=254, 987.2082pt x 484.9317pt>
File: images/object_count.png Graphic file (type png)
<use images/object_count.png>
Package pdftex.def Info: images/object_count.png  used on input line 518.
(pdftex.def)             Requested size: 296.16475pt x 145.48062pt.

[8 <./images/yolov3_architecture.JPG> <./images/ppe.png> <./images/expected_out
put.png>]
LaTeX Font Info:    Try loading font information for OT1+pcr on input line 564.

 (c:/texlive/2019/texmf-dist/tex/latex/psnfss/ot1pcr.fd
File: ot1pcr.fd 2001/06/04 font definitions for OT1/pcr.
)
Underfull \hbox (badness 10000) in paragraph at lines 564--564

 []


Underfull \hbox (badness 10000) in paragraph at lines 564--564

 []


Underfull \hbox (badness 10000) in paragraph at lines 588--588

 []


Overfull \hbox (8.00624pt too wide) in paragraph at lines 588--588
\OT1/ptm/m/n/10 anchors = $\OT1/cmr/m/n/10 10\OML/cmm/m/it/10 ; \OT1/cmr/m/n/10
 13\OML/cmm/m/it/10 ; \OT1/cmr/m/n/10 16\OML/cmm/m/it/10 ; \OT1/cmr/m/n/10 30\O
ML/cmm/m/it/10 ; \OT1/cmr/m/n/10 33\OML/cmm/m/it/10 ; \OT1/cmr/m/n/10 23\OML/cm
m/m/it/10 ; \OT1/cmr/m/n/10 30\OML/cmm/m/it/10 ; \OT1/cmr/m/n/10 61\OML/cmm/m/i
t/10 ; \OT1/cmr/m/n/10 62\OML/cmm/m/it/10 ; \OT1/cmr/m/n/10 45\OML/cmm/m/it/10 
; \OT1/cmr/m/n/10 59\OML/cmm/m/it/10 ; \OT1/cmr/m/n/10 119\OML/cmm/m/it/10 ;$ 
 []


Underfull \hbox (badness 10000) in paragraph at lines 588--588

 []


Underfull \vbox (badness 10000) has occurred while \output is active []

 [9 <./images/yolo_annotation.png> <./images/object_count.png>]
Underfull \hbox (badness 10000) in paragraph at lines 604--604

 []


Underfull \vbox (badness 10000) has occurred while \output is active []


Underfull \hbox (badness 10000) in paragraph at lines 644--644

 []


Underfull \hbox (badness 3568) in paragraph at lines 662--663
[]\OT1/ptm/m/it/10 Darknet \OT1/ptm/m/n/10 will au-to-mat-i-cally save weight f
iles per
 []


Underfull \hbox (badness 6461) in paragraph at lines 662--663
\OT1/cmr/m/n/10 1000$ \OT1/ptm/m/it/10 it-er-a-tion \OT1/ptm/m/n/10 for ex-am-p
le: \OT1/ptm/m/it/10 yolov3[]1000.weights\OT1/ptm/m/n/10 ,
 []

<images/flow_chart.png, id=279, 403.5075pt x 845.1575pt>
File: images/flow_chart.png Graphic file (type png)
<use images/flow_chart.png>
Package pdftex.def Info: images/flow_chart.png  used on input line 675.
(pdftex.def)             Requested size: 201.75325pt x 422.57771pt.
[10]
Underfull \hbox (badness 10000) in paragraph at lines 692--692

 []


Underfull \vbox (badness 10000) has occurred while \output is active []


Underfull \hbox (badness 3291) in paragraph at lines 702--704
[]\OT1/ptm/m/n/10 Basically the non-maximum sup-pres-sion al-go-rithm
 []

[11 <./images/flow_chart.png>]
<images/validation_set.png, id=311, 987.2082pt x 484.9317pt>
File: images/validation_set.png Graphic file (type png)
<use images/validation_set.png>
Package pdftex.def Info: images/validation_set.png  used on input line 742.
(pdftex.def)             Requested size: 296.16475pt x 145.48062pt.
<images/precision_recall_map.png, id=313, 987.2082pt x 484.9317pt>
File: images/precision_recall_map.png Graphic file (type png)
<use images/precision_recall_map.png>
Package pdftex.def Info: images/precision_recall_map.png  used on input line 75
0.
(pdftex.def)             Requested size: 296.16475pt x 145.48062pt.


Package hyperref Warning: Difference (2) between bookmark levels is greater 
(hyperref)                than one, level fixed on input line 756.

<images/3m1.JPG, id=317, 1606.0pt x 902.572pt>
File: images/3m1.JPG Graphic file (type jpg)
<use images/3m1.JPG>
Package pdftex.def Info: images/3m1.JPG  used on input line 762.
(pdftex.def)             Requested size: 232.19843pt x 130.49084pt.
<images/6m1.JPG, id=318, 1606.0pt x 902.572pt>
File: images/6m1.JPG Graphic file (type jpg)
<use images/6m1.JPG>
Package pdftex.def Info: images/6m1.JPG  used on input line 767.
(pdftex.def)             Requested size: 232.19843pt x 130.49084pt.
<images/9m1.JPG, id=319, 1606.0pt x 902.572pt>
File: images/9m1.JPG Graphic file (type jpg)
<use images/9m1.JPG>
Package pdftex.def Info: images/9m1.JPG  used on input line 772.
(pdftex.def)             Requested size: 232.19843pt x 130.49084pt.
<images/close1.JPG, id=322, 1606.0pt x 902.572pt>
File: images/close1.JPG Graphic file (type jpg)
<use images/close1.JPG>
Package pdftex.def Info: images/close1.JPG  used on input line 780.
(pdftex.def)             Requested size: 232.19843pt x 130.49084pt.
<images/close2.JPG, id=323, 1606.0pt x 902.572pt>
File: images/close2.JPG Graphic file (type jpg)
<use images/close2.JPG>
Package pdftex.def Info: images/close2.JPG  used on input line 785.
(pdftex.def)             Requested size: 232.19843pt x 130.49084pt.
<images/3_6_9_precision.png, id=326, 987.2082pt x 484.9317pt>
File: images/3_6_9_precision.png Graphic file (type png)
<use images/3_6_9_precision.png>
Package pdftex.def Info: images/3_6_9_precision.png  used on input line 793.
(pdftex.def)             Requested size: 296.16475pt x 145.48062pt.
<images/3_6_9_recall.png, id=327, 987.2082pt x 484.9317pt>
File: images/3_6_9_recall.png Graphic file (type png)
<use images/3_6_9_recall.png>
Package pdftex.def Info: images/3_6_9_recall.png  used on input line 798.
(pdftex.def)             Requested size: 296.16475pt x 145.48062pt.
<images/good_hh.jpg, id=334, 3011.25pt x 1692.3225pt>
File: images/good_hh.jpg Graphic file (type jpg)
<use images/good_hh.jpg>
Package pdftex.def Info: images/good_hh.jpg  used on input line 805.
(pdftex.def)             Requested size: 240.90492pt x 135.38857pt.
<images/good_hh_zoom.jpg, id=335, 1105.12875pt x 782.17218pt>
File: images/good_hh_zoom.jpg Graphic file (type jpg)
<use images/good_hh_zoom.jpg>
Package pdftex.def Info: images/good_hh_zoom.jpg  used on input line 810.
(pdftex.def)             Requested size: 221.02184pt x 156.43166pt.
<images/good_hh_6m.jpg, id=336, 3011.25pt x 1692.3225pt>
File: images/good_hh_6m.jpg Graphic file (type jpg)
<use images/good_hh_6m.jpg>
Package pdftex.def Info: images/good_hh_6m.jpg  used on input line 815.
(pdftex.def)             Requested size: 240.90492pt x 135.38857pt.
<images/good_hh_6m_zoom.jpg, id=337, 723.45282pt x 520.94624pt>
File: images/good_hh_6m_zoom.jpg Graphic file (type jpg)
<use images/good_hh_6m_zoom.jpg>
Package pdftex.def Info: images/good_hh_6m_zoom.jpg  used on input line 820.
(pdftex.def)             Requested size: 217.03752pt x 156.28508pt.
<images/bad_hh_9m.jpg, id=338, 3011.25pt x 1692.3225pt>
File: images/bad_hh_9m.jpg Graphic file (type jpg)
<use images/bad_hh_9m.jpg>
Package pdftex.def Info: images/bad_hh_9m.jpg  used on input line 825.
(pdftex.def)             Requested size: 240.90492pt x 135.38857pt.
<images/bad_hh_9m_zoom.jpg, id=339, 456.20438pt x 252.19218pt>
File: images/bad_hh_9m_zoom.jpg Graphic file (type jpg)
<use images/bad_hh_9m_zoom.jpg>
Package pdftex.def Info: images/bad_hh_9m_zoom.jpg  used on input line 830.
(pdftex.def)             Requested size: 182.4785pt x 100.87508pt.
[12 <./images/validation_set.png> <./images/precision_recall_map.png>]
<images/bad_mask_nose.jpg, id=358, 518.3365pt x 326.018pt>
File: images/bad_mask_nose.jpg Graphic file (type jpg)
<use images/bad_mask_nose.jpg>
Package pdftex.def Info: images/bad_mask_nose.jpg  used on input line 840.
(pdftex.def)             Requested size: 155.50215pt x 97.80615pt.
<images/bad_mask_mouth.jpg, id=359, 558.888pt x 374.5995pt>
File: images/bad_mask_mouth.jpg Graphic file (type jpg)
<use images/bad_mask_mouth.jpg>
Package pdftex.def Info: images/bad_mask_mouth.jpg  used on input line 845.
(pdftex.def)             Requested size: 167.66768pt x 112.3807pt.
<images/bad_mask_nose_pred.jpg, id=362, 1295.84125pt x 815.045pt>
File: images/bad_mask_nose_pred.jpg Graphic file (type jpg)
<use images/bad_mask_nose_pred.jpg>
Package pdftex.def Info: images/bad_mask_nose_pred.jpg  used on input line 851.

(pdftex.def)             Requested size: 220.2901pt x 138.55582pt.
<images/bad_mask_mouth_pred.jpg, id=363, 1397.22pt x 936.49875pt>
File: images/bad_mask_mouth_pred.jpg Graphic file (type jpg)
<use images/bad_mask_mouth_pred.jpg>
Package pdftex.def Info: images/bad_mask_mouth_pred.jpg  used on input line 856
.
(pdftex.def)             Requested size: 237.52426pt x 159.20268pt.

Underfull \vbox (badness 5939) has occurred while \output is active []

<images/bad_sv.jpg, id=365, 1606.0pt x 902.572pt>
File: images/bad_sv.jpg Graphic file (type jpg)
<use images/bad_sv.jpg>
Package pdftex.def Info: images/bad_sv.jpg  used on input line 863.
(pdftex.def)             Requested size: 224.83847pt x 126.3592pt.
<images/bad_sv_predict_2.jpg, id=369, 2168.85281pt x 1289.56781pt>
File: images/bad_sv_predict_2.jpg Graphic file (type jpg)
<use images/bad_sv_predict_2.jpg>
Package pdftex.def Info: images/bad_sv_predict_2.jpg  used on input line 869.
(pdftex.def)             Requested size: 216.89798pt x 128.96432pt.
<images/bad_sv_predict_3.jpg, id=370, 1037.37563pt x 647.41875pt>
File: images/bad_sv_predict_3.jpg Graphic file (type jpg)
<use images/bad_sv_predict_3.jpg>
Package pdftex.def Info: images/bad_sv_predict_3.jpg  used on input line 874.
(pdftex.def)             Requested size: 217.8553pt x 135.96194pt.
<images/bad_sv_predict_4.jpg, id=371, 2134.97626pt x 1159.33125pt>
File: images/bad_sv_predict_4.jpg Graphic file (type jpg)
<use images/bad_sv_predict_4.jpg>
Package pdftex.def Info: images/bad_sv_predict_4.jpg  used on input line 879.
(pdftex.def)             Requested size: 202.82484pt x 110.1376pt.
 [13 <./images/3m1.JPG> <./images/6m1.JPG> <./images/9m1.JPG> <./images/close1.
JPG> <./images/close2.JPG> <./images/3_6_9_precision.png>]
<images/obstacle.JPG, id=390, 1606.0pt x 902.572pt>
File: images/obstacle.JPG Graphic file (type jpg)
<use images/obstacle.JPG>
Package pdftex.def Info: images/obstacle.JPG  used on input line 887.
(pdftex.def)             Requested size: 208.78732pt x 117.33847pt.
<images/3_6_precision.png, id=393, 987.2082pt x 484.9317pt>
File: images/3_6_precision.png Graphic file (type png)
<use images/3_6_precision.png>
Package pdftex.def Info: images/3_6_precision.png  used on input line 894.
(pdftex.def)             Requested size: 296.16475pt x 145.48062pt.
<images/3_6_recall.png, id=394, 987.2082pt x 484.9317pt>
File: images/3_6_recall.png Graphic file (type png)
<use images/3_6_recall.png>
Package pdftex.def Info: images/3_6_recall.png  used on input line 899.
(pdftex.def)             Requested size: 296.16475pt x 145.48062pt.
 [14 <./images/3_6_9_recall.png> <./images/good_hh.JPG> <./images/good_hh_zoom.
jpg> <./images/good_hh_6m.JPG>]
Underfull \hbox (badness 2384) in paragraph at lines 917--918
[]\OT1/ptm/m/n/10 Use newer con-vo-lu-tional net-work ar-chi-tec-tures like
 []

(./paper.bbl) [15 <./images/good_hh_6m_zoom.JPG> <./images/bad_hh_9m.JPG> <./im
ages/bad_hh_9m_zoom.jpg> <./images/bad_mask_nose.JPG>]

** Conference Paper **
Before submitting the final camera ready copy, remember to:

 1. Manually equalize the lengths of two columns on the last page
 of your paper;

 2. Ensure that any PostScript and/or PDF output post-processing
 uses only Type 1 fonts and that every step in the generation
 process uses the appropriate paper size.

Package atveryend Info: Empty hook `BeforeClearDocument' on input line 923.
[16 <./images/bad_mask_mouth.jpg> <./images/bad_mask_nose_pred.JPG> <./images/b
ad_mask_mouth_pred.JPG> <./images/bad_sv.JPG> <./images/bad_sv_predict_2.jpg> <
./images/bad_sv_predict_3.jpg> <./images/bad_sv_predict_4.JPG> <./images/obstac
le.JPG>] [17

 <./images/3_6_precision.png> <./images/3_6_recall.png>]
Package atveryend Info: Empty hook `AfterLastShipout' on input line 923.

(./paper.aux)
Package atveryend Info: Executing hook `AtVeryEndDocument' on input line 923.
Package atveryend Info: Executing hook `AtEndAfterFileList' on input line 923.
Package rerunfilecheck Info: File `paper.out' has not changed.
(rerunfilecheck)             Checksum: A4088F38BE0E6046B35E2CE065CB2409;2643.


LaTeX Warning: There were undefined references.

Package atveryend Info: Empty hook `AtVeryVeryEnd' on input line 923.
 ) 
Here is how much of TeX's memory you used:
 10928 strings out of 494007
 166086 string characters out of 6166147
 268592 words of memory out of 5000000
 14431 multiletter control sequences out of 15000+600000
 43321 words of font info for 95 fonts, out of 8000000 for 9000
 286 hyphenation exceptions out of 8191
 36i,13n,39p,1631b,469s stack positions out of 5000i,500n,10000p,200000b,80000s
{c:/texlive/2019/texmf-dist/fonts/enc/dvips/base/8r.enc}<c:/texlive/2019/texm
f-dist/fonts/type1/public/amsfonts/cm/cmex10.pfb><c:/texlive/2019/texmf-dist/fo
nts/type1/public/amsfonts/cm/cmmi10.pfb><c:/texlive/2019/texmf-dist/fonts/type1
/public/amsfonts/cm/cmmi5.pfb><c:/texlive/2019/texmf-dist/fonts/type1/public/am
sfonts/cm/cmmi7.pfb><c:/texlive/2019/texmf-dist/fonts/type1/public/amsfonts/cm/
cmmi8.pfb><c:/texlive/2019/texmf-dist/fonts/type1/public/amsfonts/cm/cmmib10.pf
b><c:/texlive/2019/texmf-dist/fonts/type1/public/amsfonts/cmextra/cmmib7.pfb><c
:/texlive/2019/texmf-dist/fonts/type1/public/amsfonts/cm/cmr10.pfb><c:/texlive/
2019/texmf-dist/fonts/type1/public/amsfonts/cm/cmr5.pfb><c:/texlive/2019/texmf-
dist/fonts/type1/public/amsfonts/cm/cmr7.pfb><c:/texlive/2019/texmf-dist/fonts/
type1/public/amsfonts/cm/cmr8.pfb><c:/texlive/2019/texmf-dist/fonts/type1/publi
c/amsfonts/cm/cmsy10.pfb><c:/texlive/2019/texmf-dist/fonts/type1/public/amsfont
s/cm/cmsy5.pfb><c:/texlive/2019/texmf-dist/fonts/type1/public/amsfonts/cm/cmsy7
.pfb><c:/texlive/2019/texmf-dist/fonts/type1/public/amsfonts/cm/cmsy8.pfb><c:/t
exlive/2019/texmf-dist/fonts/type1/public/amsfonts/symbols/msbm10.pfb><c:/texli
ve/2019/texmf-dist/fonts/type1/urw/courier/ucrr8a.pfb><c:/texlive/2019/texmf-di
st/fonts/type1/urw/times/utmb8a.pfb><c:/texlive/2019/texmf-dist/fonts/type1/urw
/times/utmbi8a.pfb><c:/texlive/2019/texmf-dist/fonts/type1/urw/times/utmr8a.pfb
><c:/texlive/2019/texmf-dist/fonts/type1/urw/times/utmri8a.pfb>
Output written on paper.pdf (17 pages, 36833921 bytes).
PDF statistics:
 520 PDF objects out of 1000 (max. 8388607)
 405 compressed objects within 5 object streams
 137 named destinations out of 1000 (max. 500000)
 444 words of extra memory for PDF output out of 10000 (max. 10000000)

